00:00:00.000666 main     VirtualBox XPCOM Server 6.1.36 r152435 linux.amd64 (Jul 21 2022 10:08:57) release log
00:00:00.000672 main     Log opened 2022-08-10T11:30:46.152234000Z
00:00:00.000674 main     Build Type: release
00:00:00.000680 main     OS Product: Linux
00:00:00.000683 main     OS Release: 5.18.16-arch1-1
00:00:00.000686 main     OS Version: #1 SMP PREEMPT_DYNAMIC Wed, 03 Aug 2022 11:25:04 +0000
00:00:00.000748 main     DMI Product Name: BT3 PRO
00:00:00.000782 main     DMI Product Version: BT3 PRO
00:00:00.000801 main     Firmware type: UEFI
00:00:00.001259 main     Secure Boot: Disabled
00:00:00.001370 main     Host RAM: 3851MB (3.7GB) total, 3150MB (3.0GB) available
00:00:00.001377 main     Executable: /usr/lib/virtualbox/VBoxSVC
00:00:00.001378 main     Process ID: 1334
00:00:00.001380 main     Package type: LINUX_64BITS_GENERIC (OSE)
00:00:00.006985 main     IPC socket path: /tmp/.vbox-usbo-ipc/ipcd
00:00:00.126109 nspr-2   VirtualBox: object creation starts
00:00:00.126331 nspr-2   Home directory: '/home/usbo/.config/VirtualBox'
00:00:00.166145 nspr-2   NetIfAdpCtlOut: VBoxNetAdpCtl: Error while retrieving link status for wlan0: VBoxNetAdpCtl: ioctl failed: Operation not supported
00:00:00.168778 nspr-2   HostDnsMonitor: initializing
00:00:00.169842 nspr-2   NAT: resolv.conf: nameserver 192.168.1.1
00:00:00.169926 nspr-2   HostDnsMonitor: updating information
00:00:00.169978 nspr-2   HostDnsMonitor: old information
00:00:00.169992 nspr-2     no server entries
00:00:00.170005 nspr-2     no domain set
00:00:00.170016 nspr-2     no search string entries
00:00:00.170027 nspr-2   HostDnsMonitor: new information
00:00:00.170037 nspr-2     server 1: 192.168.1.1
00:00:00.170050 nspr-2     domain: speedport.ip
00:00:00.170060 nspr-2     search string 1: speedport.ip
00:00:00.178751 nspr-2   Failed to open "/dev/vboxdrvu", errno=2, rc=VERR_VM_DRIVER_NOT_INSTALLED
00:00:00.179338 nspr-2   VD: VDInit finished with VINF_SUCCESS
00:00:00.179637 nspr-2   ERROR [COM]: aRC=NS_ERROR_FAILURE (0x80004005) aIID={027bc463-929c-40e8-bf16-fea557cd8e7e} aComponent={SystemPropertiesWrap} aText={Cannot determine default Guest Additions ISO location. Most likely they are not available}, preserve=false aResultDetail=0
00:00:00.182785 nspr-2   VirtualBox: object created
00:00:05.969581 nspr-2   Failed to open "/dev/vboxdrvu", errno=2, rc=VERR_VM_DRIVER_NOT_INSTALLED
00:00:05.980966 nspr-2   Failed to open "/dev/vboxdrvu", errno=2, rc=VERR_VM_DRIVER_NOT_INSTALLED
00:00:59.265524 nspr-3   Failed to open "/dev/vboxdrvu", errno=2, rc=VERR_VM_DRIVER_NOT_INSTALLED
00:00:59.272584 nspr-3   Failed to open "/dev/vboxdrvu", errno=2, rc=VERR_VM_DRIVER_NOT_INSTALLED
00:02:09.394809 createBase Saving settings file "/home/usbo/.config/VirtualBox/VirtualBox.xml" with version "1.12-linux"
00:02:10.292963 nspr-2   Saving settings file "/run/media/usbo/Volume/win10/win10/win10.vbox" with version "1.15-linux"
00:02:10.423610 nspr-4   WARNING [COM]: aRC=NS_ERROR_FAILURE (0x80004005) aIID={16ced992-5fdc-4aba-aff5-6a39bbd7c38b} aComponent={HostWrap} aText={Could not load the Host USB Proxy service: VERR_NOT_FOUND}, preserve=true  aResultDetail=0
00:02:10.433237 nspr-5   Saving settings file "/run/media/usbo/Volume/win10/win10/win10.vbox" with version "1.15-linux"
00:02:10.493295 nspr-5   Saving settings file "/home/usbo/.config/VirtualBox/VirtualBox.xml" with version "1.12-linux"
00:02:10.561201 nspr-3   Saving settings file "/home/usbo/.config/VirtualBox/VirtualBox.xml" with version "1.12-linux"
00:02:10.581819 nspr-5   Saving settings file "/run/media/usbo/Volume/win10/win10/win10.vbox" with version "1.15-linux"
00:02:11.818224 nspr-5   WARNING [COM]: aRC=NS_ERROR_FAILURE (0x80004005) aIID={16ced992-5fdc-4aba-aff5-6a39bbd7c38b} aComponent={HostWrap} aText={Could not load the Host USB Proxy service: VERR_NOT_FOUND}, preserve=true  aResultDetail=0
00:02:11.963291 nspr-5   Failed to open "/dev/vboxdrvu", errno=2, rc=VERR_VM_DRIVER_NOT_INSTALLED
00:02:12.747247 nspr-2   WARNING [COM]: aRC=NS_ERROR_FAILURE (0x80004005) aIID={16ced992-5fdc-4aba-aff5-6a39bbd7c38b} aComponent={HostWrap} aText={Could not load the Host USB Proxy service: VERR_NOT_FOUND}, preserve=true  aResultDetail=0
00:02:12.760875 nspr-5   WARNING [COM]: aRC=NS_ERROR_FAILURE (0x80004005) aIID={16ced992-5fdc-4aba-aff5-6a39bbd7c38b} aComponent={HostWrap} aText={Could not load the Host USB Proxy service: VERR_NOT_FOUND}, preserve=true  aResultDetail=0
00:02:15.237072 nspr-2   Failed to open "/dev/vboxdrvu", errno=2, rc=VERR_VM_DRIVER_NOT_INSTALLED
00:02:16.399253 nspr-2   WARNING [COM]: aRC=NS_ERROR_FAILURE (0x80004005) aIID={16ced992-5fdc-4aba-aff5-6a39bbd7c38b} aComponent={HostWrap} aText={Could not load the Host USB Proxy service: VERR_NOT_FOUND}, preserve=true  aResultDetail=0
00:02:18.847426 nspr-3   Failed to open "/dev/vboxdrvu", errno=2, rc=VERR_VM_DRIVER_NOT_INSTALLED
00:02:18.849693 nspr-4   Failed to open "/dev/vboxdrvu", errno=2, rc=VERR_VM_DRIVER_NOT_INSTALLED
00:02:18.851619 nspr-2   Failed to open "/dev/vboxdrvu", errno=2, rc=VERR_VM_DRIVER_NOT_INSTALLED
00:02:18.955648 nspr-2   NetIfAdpCtlOut: VBoxNetAdpCtl: Error while retrieving link status for wlan0: VBoxNetAdpCtl: ioctl failed: Operation not supported
00:02:19.007147 nspr-3   NetIfAdpCtlOut: VBoxNetAdpCtl: Error while retrieving link status for wlan0: VBoxNetAdpCtl: ioctl failed: Operation not supported
00:02:19.084352 nspr-2   WARNING [COM]: aRC=NS_ERROR_FAILURE (0x80004005) aIID={16ced992-5fdc-4aba-aff5-6a39bbd7c38b} aComponent={HostWrap} aText={Could not load the Host USB Proxy service: VERR_NOT_FOUND}, preserve=true  aResultDetail=0
00:02:19.087412 nspr-2   WARNING [COM]: aRC=NS_ERROR_FAILURE (0x80004005) aIID={16ced992-5fdc-4aba-aff5-6a39bbd7c38b} aComponent={HostWrap} aText={Could not load the Host USB Proxy service: VERR_NOT_FOUND}, preserve=true  aResultDetail=0
00:02:20.955412 nspr-2   Failed to open "/dev/vboxdrvu", errno=2, rc=VERR_VM_DRIVER_NOT_INSTALLED
00:02:21.160913 nspr-2   WARNING [COM]: aRC=NS_ERROR_FAILURE (0x80004005) aIID={16ced992-5fdc-4aba-aff5-6a39bbd7c38b} aComponent={HostWrap} aText={Could not load the Host USB Proxy service: VERR_NOT_FOUND}, preserve=true  aResultDetail=0
00:02:21.180374 nspr-3   WARNING [COM]: aRC=NS_ERROR_FAILURE (0x80004005) aIID={16ced992-5fdc-4aba-aff5-6a39bbd7c38b} aComponent={HostWrap} aText={Could not load the Host USB Proxy service: VERR_NOT_FOUND}, preserve=true  aResultDetail=0
00:02:43.568866 nspr-5   Launched VM: 2751469632 pid: 1461 (0x5b5) frontend: GUI/Qt name: win10
00:02:43.662857 nspr-4   Failed to open "/dev/vboxdrvu", errno=2, rc=VERR_VM_DRIVER_NOT_INSTALLED
00:02:43.762688 nspr-4   WARNING [COM]: aRC=NS_ERROR_FAILURE (0x80004005) aIID={16ced992-5fdc-4aba-aff5-6a39bbd7c38b} aComponent={HostWrap} aText={Could not load the Host USB Proxy service: VERR_NOT_FOUND}, preserve=true  aResultDetail=0
00:02:43.767256 nspr-3   WARNING [COM]: aRC=NS_ERROR_FAILURE (0x80004005) aIID={16ced992-5fdc-4aba-aff5-6a39bbd7c38b} aComponent={HostWrap} aText={Could not load the Host USB Proxy service: VERR_NOT_FOUND}, preserve=true  aResultDetail=0
00:02:44.071116 Watcher  ERROR [COM]: aRC=NS_ERROR_FAILURE (0x80004005) aIID={85632c68-b5bb-4316-a900-5eb28d3413df} aComponent={MachineWrap} aText={The virtual machine 'win10' has terminated unexpectedly during startup with exit code 1 (0x1)}, preserve=false aResultDetail=0
00:02:45.007004 nspr-3   Failed to open "/dev/vboxdrvu", errno=2, rc=VERR_VM_DRIVER_NOT_INSTALLED
00:02:45.118630 nspr-4   WARNING [COM]: aRC=NS_ERROR_FAILURE (0x80004005) aIID={16ced992-5fdc-4aba-aff5-6a39bbd7c38b} aComponent={HostWrap} aText={Could not load the Host USB Proxy service: VERR_NOT_FOUND}, preserve=true  aResultDetail=0
00:02:45.125227 nspr-3   WARNING [COM]: aRC=NS_ERROR_FAILURE (0x80004005) aIID={16ced992-5fdc-4aba-aff5-6a39bbd7c38b} aComponent={HostWrap} aText={Could not load the Host USB Proxy service: VERR_NOT_FOUND}, preserve=true  aResultDetail=0
00:05:41.115465 nspr-2   Launched VM: 2818651648 pid: 1563 (0x61b) frontend: GUI/Qt name: win10
00:05:41.347477 nspr-2   WARNING [COM]: aRC=NS_ERROR_FAILURE (0x80004005) aIID={16ced992-5fdc-4aba-aff5-6a39bbd7c38b} aComponent={HostWrap} aText={Could not load the Host USB Proxy service: VERR_NOT_FOUND}, preserve=true  aResultDetail=0
00:05:41.352638 nspr-2   WARNING [COM]: aRC=NS_ERROR_FAILURE (0x80004005) aIID={16ced992-5fdc-4aba-aff5-6a39bbd7c38b} aComponent={HostWrap} aText={Could not load the Host USB Proxy service: VERR_NOT_FOUND}, preserve=true  aResultDetail=0
00:05:42.340095 nspr-6   WARNING [COM]: aRC=NS_ERROR_FAILURE (0x80004005) aIID={16ced992-5fdc-4aba-aff5-6a39bbd7c38b} aComponent={HostWrap} aText={Could not load the Host USB Proxy service: VERR_NOT_FOUND}, preserve=true  aResultDetail=0
00:05:42.344719 nspr-6   WARNING [COM]: aRC=NS_ERROR_FAILURE (0x80004005) aIID={16ced992-5fdc-4aba-aff5-6a39bbd7c38b} aComponent={HostWrap} aText={Could not load the Host USB Proxy service: VERR_NOT_FOUND}, preserve=true  aResultDetail=0
00:05:44.452887 nspr-5   WARNING [COM]: aRC=NS_ERROR_FAILURE (0x80004005) aIID={16ced992-5fdc-4aba-aff5-6a39bbd7c38b} aComponent={HostWrap} aText={Could not load the Host USB Proxy service: VERR_NOT_FOUND}, preserve=true  aResultDetail=0
00:05:44.479108 nspr-6   WARNING [COM]: aRC=NS_ERROR_FAILURE (0x80004005) aIID={16ced992-5fdc-4aba-aff5-6a39bbd7c38b} aComponent={HostWrap} aText={Could not load the Host USB Proxy service: VERR_NOT_FOUND}, preserve=true  aResultDetail=0
00:05:44.488325 nspr-6   ERROR [COM]: aRC=VBOX_E_OBJECT_NOT_FOUND (0x80bb0001) aIID={70401eef-c8e9-466b-9660-45cb3e9979e4} aComponent={ExtPackManagerWrap} aText={No extension pack by the name 'Oracle VM VirtualBox Extension Pack' was found}, preserve=false aResultDetail=0
00:05:45.032695 nspr-6   WARNING [COM]: aRC=NS_ERROR_FAILURE (0x80004005) aIID={16ced992-5fdc-4aba-aff5-6a39bbd7c38b} aComponent={HostWrap} aText={Could not load the Host USB Proxy service: VERR_NOT_FOUND}, preserve=true  aResultDetail=0
00:05:45.052859 nspr-2   WARNING [COM]: aRC=NS_ERROR_FAILURE (0x80004005) aIID={16ced992-5fdc-4aba-aff5-6a39bbd7c38b} aComponent={HostWrap} aText={Could not load the Host USB Proxy service: VERR_NOT_FOUND}, preserve=true  aResultDetail=0
00:05:45.245155 nspr-3   ERROR [COM]: aRC=VBOX_E_IPRT_ERROR (0x80bb0005) aIID={85632c68-b5bb-4316-a900-5eb28d3413df} aComponent={SessionMachine} aText={Saved screenshot data is not available (VERR_NOT_SUPPORTED)}, preserve=false aResultDetail=-37
00:05:45.655078 nspr-5   NetIfAdpCtlOut: VBoxNetAdpCtl: Error while retrieving link status for wlan0: VBoxNetAdpCtl: ioctl failed: Operation not supported
00:05:58.528246 nspr-3   Saving settings file "/home/usbo/.config/VirtualBox/VirtualBox.xml" with version "1.12-linux"
00:05:58.558432 nspr-5   Saving settings file "/home/usbo/.config/VirtualBox/VirtualBox.xml" with version "1.12-linux"
00:06:01.778677 nspr-5   Saving settings file "/home/usbo/.config/VirtualBox/VirtualBox.xml" with version "1.12-linux"
00:06:01.804977 nspr-2   Saving settings file "/run/media/usbo/Volume/win10/win10/win10.vbox" with version "1.15-linux"
00:06:02.094608 nspr-5   WARNING [COM]: aRC=NS_ERROR_FAILURE (0x80004005) aIID={16ced992-5fdc-4aba-aff5-6a39bbd7c38b} aComponent={HostWrap} aText={Could not load the Host USB Proxy service: VERR_NOT_FOUND}, preserve=true  aResultDetail=0
00:06:02.159812 nspr-4   WARNING [COM]: aRC=NS_ERROR_FAILURE (0x80004005) aIID={16ced992-5fdc-4aba-aff5-6a39bbd7c38b} aComponent={HostWrap} aText={Could not load the Host USB Proxy service: VERR_NOT_FOUND}, preserve=true  aResultDetail=0
00:06:02.164551 nspr-7   WARNING [COM]: aRC=NS_ERROR_FAILURE (0x80004005) aIID={16ced992-5fdc-4aba-aff5-6a39bbd7c38b} aComponent={HostWrap} aText={Could not load the Host USB Proxy service: VERR_NOT_FOUND}, preserve=true  aResultDetail=0
00:06:04.457127 nspr-6   WARNING [COM]: aRC=NS_ERROR_FAILURE (0x80004005) aIID={16ced992-5fdc-4aba-aff5-6a39bbd7c38b} aComponent={HostWrap} aText={Could not load the Host USB Proxy service: VERR_NOT_FOUND}, preserve=true  aResultDetail=0
00:06:04.478754 nspr-6   WARNING [COM]: aRC=NS_ERROR_FAILURE (0x80004005) aIID={16ced992-5fdc-4aba-aff5-6a39bbd7c38b} aComponent={HostWrap} aText={Could not load the Host USB Proxy service: VERR_NOT_FOUND}, preserve=true  aResultDetail=0
00:07:48.810669 nspr-6   Saving settings file "/run/media/usbo/Volume/win10/win10/win10.vbox" with version "1.15-linux"
00:07:49.117569 nspr-2   ERROR [COM]: aRC=VBOX_E_IPRT_ERROR (0x80bb0005) aIID={85632c68-b5bb-4316-a900-5eb28d3413df} aComponent={SessionMachine} aText={Saved screenshot data is not available (VERR_NOT_SUPPORTED)}, preserve=false aResultDetail=-37
00:07:49.371825 nspr-5   WARNING [COM]: aRC=NS_ERROR_FAILURE (0x80004005) aIID={16ced992-5fdc-4aba-aff5-6a39bbd7c38b} aComponent={HostWrap} aText={Could not load the Host USB Proxy service: VERR_NOT_FOUND}, preserve=true  aResultDetail=0
00:07:49.380322 nspr-5   WARNING [COM]: aRC=NS_ERROR_FAILURE (0x80004005) aIID={16ced992-5fdc-4aba-aff5-6a39bbd7c38b} aComponent={HostWrap} aText={Could not load the Host USB Proxy service: VERR_NOT_FOUND}, preserve=true  aResultDetail=0
06:12:18.901365 nspr-4   WARNING [COM]: aRC=NS_ERROR_FAILURE (0x80004005) aIID={16ced992-5fdc-4aba-aff5-6a39bbd7c38b} aComponent={HostWrap} aText={Could not load the Host USB Proxy service: VERR_NOT_FOUND}, preserve=true  aResultDetail=0
06:12:18.927538 nspr-4   WARNING [COM]: aRC=NS_ERROR_FAILURE (0x80004005) aIID={16ced992-5fdc-4aba-aff5-6a39bbd7c38b} aComponent={HostWrap} aText={Could not load the Host USB Proxy service: VERR_NOT_FOUND}, preserve=true  aResultDetail=0
06:12:22.068502 nspr-5   Saving settings file "/run/media/usbo/Volume/win10/win10/win10.vbox" with version "1.15-linux"
06:12:22.649929 nspr-2   WARNING [COM]: aRC=NS_ERROR_FAILURE (0x80004005) aIID={16ced992-5fdc-4aba-aff5-6a39bbd7c38b} aComponent={HostWrap} aText={Could not load the Host USB Proxy service: VERR_NOT_FOUND}, preserve=true  aResultDetail=0
06:12:22.654245 nspr-2   WARNING [COM]: aRC=NS_ERROR_FAILURE (0x80004005) aIID={16ced992-5fdc-4aba-aff5-6a39bbd7c38b} aComponent={HostWrap} aText={Could not load the Host USB Proxy service: VERR_NOT_FOUND}, preserve=true  aResultDetail=0
06:13:39.759468 nspr-5   Saving settings file "/run/media/usbo/Volume/win10/win10/win10.vbox" with version "1.15-linux"
06:13:45.520288 nspr-4   ERROR [COM]: aRC=VBOX_E_IPRT_ERROR (0x80bb0005) aIID={85632c68-b5bb-4316-a900-5eb28d3413df} aComponent={MachineWrap} aText={Saved screenshot thumbnail data is not available (VERR_NOT_SUPPORTED)}, preserve=false aResultDetail=-37
06:13:45.595815 nspr-5   ERROR [COM]: aRC=VBOX_E_IPRT_ERROR (0x80bb0005) aIID={85632c68-b5bb-4316-a900-5eb28d3413df} aComponent={MachineWrap} aText={Saved screenshot thumbnail data is not available (VERR_NOT_SUPPORTED)}, preserve=false aResultDetail=-37
06:13:45.687220 nspr-8   WARNING [COM]: aRC=NS_ERROR_FAILURE (0x80004005) aIID={16ced992-5fdc-4aba-aff5-6a39bbd7c38b} aComponent={HostWrap} aText={Could not load the Host USB Proxy service: VERR_NOT_FOUND}, preserve=true  aResultDetail=0
06:13:45.693264 nspr-8   WARNING [COM]: aRC=NS_ERROR_FAILURE (0x80004005) aIID={16ced992-5fdc-4aba-aff5-6a39bbd7c38b} aComponent={HostWrap} aText={Could not load the Host USB Proxy service: VERR_NOT_FOUND}, preserve=true  aResultDetail=0
06:13:45.809803 SaveState Saving settings file "/run/media/usbo/Volume/win10/win10/win10.vbox" with version "1.15-linux"
06:13:46.399795 nspr-5   WARNING [COM]: aRC=NS_ERROR_FAILURE (0x80004005) aIID={16ced992-5fdc-4aba-aff5-6a39bbd7c38b} aComponent={HostWrap} aText={Could not load the Host USB Proxy service: VERR_NOT_FOUND}, preserve=true  aResultDetail=0
06:13:46.405379 nspr-5   WARNING [COM]: aRC=NS_ERROR_FAILURE (0x80004005) aIID={16ced992-5fdc-4aba-aff5-6a39bbd7c38b} aComponent={HostWrap} aText={Could not load the Host USB Proxy service: VERR_NOT_FOUND}, preserve=true  aResultDetail=0
06:13:46.583142 nspr-2   Saving settings file "/run/media/usbo/Volume/win10/win10/win10.vbox" with version "1.15-linux"
06:13:46.938369 nspr-6   Saving settings file "/run/media/usbo/Volume/win10/win10/win10.vbox" with version "1.15-linux"
06:13:48.165185 nspr-3   WARNING [COM]: aRC=NS_ERROR_FAILURE (0x80004005) aIID={16ced992-5fdc-4aba-aff5-6a39bbd7c38b} aComponent={HostWrap} aText={Could not load the Host USB Proxy service: VERR_NOT_FOUND}, preserve=true  aResultDetail=0
06:13:48.171545 nspr-4   WARNING [COM]: aRC=NS_ERROR_FAILURE (0x80004005) aIID={16ced992-5fdc-4aba-aff5-6a39bbd7c38b} aComponent={HostWrap} aText={Could not load the Host USB Proxy service: VERR_NOT_FOUND}, preserve=true  aResultDetail=0
06:13:48.642317 nspr-9   WARNING [COM]: aRC=NS_ERROR_FAILURE (0x80004005) aIID={16ced992-5fdc-4aba-aff5-6a39bbd7c38b} aComponent={HostWrap} aText={Could not load the Host USB Proxy service: VERR_NOT_FOUND}, preserve=true  aResultDetail=0
06:13:48.647536 nspr-8   WARNING [COM]: aRC=NS_ERROR_FAILURE (0x80004005) aIID={16ced992-5fdc-4aba-aff5-6a39bbd7c38b} aComponent={HostWrap} aText={Could not load the Host USB Proxy service: VERR_NOT_FOUND}, preserve=true  aResultDetail=0
06:13:58.391304 nspr-8   Saving settings file "/run/media/usbo/Volume/win10/win10/win10.vbox" with version "1.15-linux"
06:14:01.479590 nspr-5   WARNING [COM]: aRC=NS_ERROR_FAILURE (0x80004005) aIID={16ced992-5fdc-4aba-aff5-6a39bbd7c38b} aComponent={HostWrap} aText={Could not load the Host USB Proxy service: VERR_NOT_FOUND}, preserve=true  aResultDetail=0
06:14:01.498637 nspr-9   WARNING [COM]: aRC=NS_ERROR_FAILURE (0x80004005) aIID={16ced992-5fdc-4aba-aff5-6a39bbd7c38b} aComponent={HostWrap} aText={Could not load the Host USB Proxy service: VERR_NOT_FOUND}, preserve=true  aResultDetail=0
06:14:01.860364 nspr-8   Launched VM: 2751477824 pid: 3890 (0xf32) frontend: GUI/Qt name: win10
06:14:02.086567 nspr-6   WARNING [COM]: aRC=NS_ERROR_FAILURE (0x80004005) aIID={16ced992-5fdc-4aba-aff5-6a39bbd7c38b} aComponent={HostWrap} aText={Could not load the Host USB Proxy service: VERR_NOT_FOUND}, preserve=true  aResultDetail=0
06:14:02.093606 nspr-8   WARNING [COM]: aRC=NS_ERROR_FAILURE (0x80004005) aIID={16ced992-5fdc-4aba-aff5-6a39bbd7c38b} aComponent={HostWrap} aText={Could not load the Host USB Proxy service: VERR_NOT_FOUND}, preserve=true  aResultDetail=0
06:14:04.194946 nspr-2   WARNING [COM]: aRC=NS_ERROR_FAILURE (0x80004005) aIID={16ced992-5fdc-4aba-aff5-6a39bbd7c38b} aComponent={HostWrap} aText={Could not load the Host USB Proxy service: VERR_NOT_FOUND}, preserve=true  aResultDetail=0
06:14:04.198974 nspr-2   WARNING [COM]: aRC=NS_ERROR_FAILURE (0x80004005) aIID={16ced992-5fdc-4aba-aff5-6a39bbd7c38b} aComponent={HostWrap} aText={Could not load the Host USB Proxy service: VERR_NOT_FOUND}, preserve=true  aResultDetail=0
06:14:06.713846 nspr-4   WARNING [COM]: aRC=NS_ERROR_FAILURE (0x80004005) aIID={16ced992-5fdc-4aba-aff5-6a39bbd7c38b} aComponent={HostWrap} aText={Could not load the Host USB Proxy service: VERR_NOT_FOUND}, preserve=true  aResultDetail=0
06:14:06.744001 nspr-2   WARNING [COM]: aRC=NS_ERROR_FAILURE (0x80004005) aIID={16ced992-5fdc-4aba-aff5-6a39bbd7c38b} aComponent={HostWrap} aText={Could not load the Host USB Proxy service: VERR_NOT_FOUND}, preserve=true  aResultDetail=0
06:14:06.752570 nspr-9   ERROR [COM]: aRC=VBOX_E_OBJECT_NOT_FOUND (0x80bb0001) aIID={70401eef-c8e9-466b-9660-45cb3e9979e4} aComponent={ExtPackManagerWrap} aText={No extension pack by the name 'Oracle VM VirtualBox Extension Pack' was found}, preserve=false aResultDetail=0
06:14:09.624237 nspr-2   ERROR [COM]: aRC=VBOX_E_IPRT_ERROR (0x80bb0005) aIID={85632c68-b5bb-4316-a900-5eb28d3413df} aComponent={SessionMachine} aText={Saved screenshot data is not available (VERR_NOT_SUPPORTED)}, preserve=false aResultDetail=-37
06:14:09.742970 nspr-3   NetIfAdpCtlOut: VBoxNetAdpCtl: Error while retrieving link status for wlan0: VBoxNetAdpCtl: ioctl failed: Operation not supported
06:14:12.216371 nspr-7   WARNING [COM]: aRC=NS_ERROR_FAILURE (0x80004005) aIID={16ced992-5fdc-4aba-aff5-6a39bbd7c38b} aComponent={HostWrap} aText={Could not load the Host USB Proxy service: VERR_NOT_FOUND}, preserve=true  aResultDetail=0
06:14:12.302137 nspr-7   WARNING [COM]: aRC=NS_ERROR_FAILURE (0x80004005) aIID={16ced992-5fdc-4aba-aff5-6a39bbd7c38b} aComponent={HostWrap} aText={Could not load the Host USB Proxy service: VERR_NOT_FOUND}, preserve=true  aResultDetail=0
06:14:12.311255 nspr-6   WARNING [COM]: aRC=NS_ERROR_FAILURE (0x80004005) aIID={16ced992-5fdc-4aba-aff5-6a39bbd7c38b} aComponent={HostWrap} aText={Could not load the Host USB Proxy service: VERR_NOT_FOUND}, preserve=true  aResultDetail=0
06:14:13.779580 nspr-9   WARNING [COM]: aRC=NS_ERROR_FAILURE (0x80004005) aIID={16ced992-5fdc-4aba-aff5-6a39bbd7c38b} aComponent={HostWrap} aText={Could not load the Host USB Proxy service: VERR_NOT_FOUND}, preserve=true  aResultDetail=0
06:14:13.784965 nspr-7   WARNING [COM]: aRC=NS_ERROR_FAILURE (0x80004005) aIID={16ced992-5fdc-4aba-aff5-6a39bbd7c38b} aComponent={HostWrap} aText={Could not load the Host USB Proxy service: VERR_NOT_FOUND}, preserve=true  aResultDetail=0
06:33:32.269627 nspr-2   WARNING [COM]: aRC=NS_ERROR_FAILURE (0x80004005) aIID={16ced992-5fdc-4aba-aff5-6a39bbd7c38b} aComponent={HostWrap} aText={Could not load the Host USB Proxy service: VERR_NOT_FOUND}, preserve=true  aResultDetail=0
06:33:32.275507 nspr-5   WARNING [COM]: aRC=NS_ERROR_FAILURE (0x80004005) aIID={16ced992-5fdc-4aba-aff5-6a39bbd7c38b} aComponent={HostWrap} aText={Could not load the Host USB Proxy service: VERR_NOT_FOUND}, preserve=true  aResultDetail=0
06:33:37.198669 nspr-2   Saving settings file "/run/media/usbo/Volume/win10/win10/win10.vbox" with version "1.15-linux"
06:33:39.777093 nspr-4   WARNING [COM]: aRC=NS_ERROR_FAILURE (0x80004005) aIID={16ced992-5fdc-4aba-aff5-6a39bbd7c38b} aComponent={HostWrap} aText={Could not load the Host USB Proxy service: VERR_NOT_FOUND}, preserve=true  aResultDetail=0
06:33:39.781549 nspr-4   WARNING [COM]: aRC=NS_ERROR_FAILURE (0x80004005) aIID={16ced992-5fdc-4aba-aff5-6a39bbd7c38b} aComponent={HostWrap} aText={Could not load the Host USB Proxy service: VERR_NOT_FOUND}, preserve=true  aResultDetail=0
06:33:39.971201 nspr-3   Saving settings file "/run/media/usbo/Volume/win10/win10/win10.vbox" with version "1.15-linux"
06:33:41.214723 nspr-8   WARNING [COM]: aRC=NS_ERROR_FAILURE (0x80004005) aIID={16ced992-5fdc-4aba-aff5-6a39bbd7c38b} aComponent={HostWrap} aText={Could not load the Host USB Proxy service: VERR_NOT_FOUND}, preserve=true  aResultDetail=0
06:33:41.219027 nspr-8   WARNING [COM]: aRC=NS_ERROR_FAILURE (0x80004005) aIID={16ced992-5fdc-4aba-aff5-6a39bbd7c38b} aComponent={HostWrap} aText={Could not load the Host USB Proxy service: VERR_NOT_FOUND}, preserve=true  aResultDetail=0
06:33:42.764554 nspr-7   WARNING [COM]: aRC=NS_ERROR_FAILURE (0x80004005) aIID={16ced992-5fdc-4aba-aff5-6a39bbd7c38b} aComponent={HostWrap} aText={Could not load the Host USB Proxy service: VERR_NOT_FOUND}, preserve=true  aResultDetail=0
06:33:42.769057 nspr-4   WARNING [COM]: aRC=NS_ERROR_FAILURE (0x80004005) aIID={16ced992-5fdc-4aba-aff5-6a39bbd7c38b} aComponent={HostWrap} aText={Could not load the Host USB Proxy service: VERR_NOT_FOUND}, preserve=true  aResultDetail=0
06:33:49.501488 nspr-3   Saving settings file "/home/usbo/.config/VirtualBox/VirtualBox.xml" with version "1.12-linux"
06:33:49.541486 nspr-2   Saving settings file "/home/usbo/.config/VirtualBox/VirtualBox.xml" with version "1.12-linux"
06:33:49.564175 nspr-2   Saving settings file "/home/usbo/.config/VirtualBox/VirtualBox.xml" with version "1.12-linux"
06:33:49.617450 nspr-8   Saving settings file "/home/usbo/.config/VirtualBox/VirtualBox.xml" with version "1.12-linux"
06:33:49.653142 nspr-3   Saving settings file "/home/usbo/.config/VirtualBox/VirtualBox.xml" with version "1.12-linux"
06:33:49.669489 nspr-5   Saving settings file "/home/usbo/.config/VirtualBox/VirtualBox.xml" with version "1.12-linux"
06:33:49.691273 nspr-8   Saving settings file "/home/usbo/.config/VirtualBox/VirtualBox.xml" with version "1.12-linux"
06:33:55.359961 main     VirtualBox: object deletion starts
06:33:55.362354 main     ERROR [COM]: aRC=VBOX_E_OBJECT_IN_USE (0x80bb000c) aIID={ad47ad09-787b-44ab-b343-a082a3f2dfb1} aComponent={MediumWrap} aText={Medium '/run/media/usbo/Volume/win10/win10/win10.vdi' cannot be closed because it is still attached to 1 virtual machines}, preserve=false aResultDetail=0
06:33:55.368371 main     HostDnsMonitor: shutting down ...
06:33:55.369688 main     HostDnsMonitor: shut down
06:33:55.530848 Watcher  ERROR [COM]: aRC=E_ACCESSDENIED (0x80070005) aIID={d0a0163f-e254-4e5b-a1f2-011cf991c38d} aComponent={VirtualBoxWrap} aText={The object is not ready}, preserve=false aResultDetail=0
06:34:00.370554 main     {00007ff7a8016200} HostPowerServiceLinux::~HostPowerServiceLinux: RTThreadWait() for 5000 ms failed with VERR_TIMEOUT
06:34:00.399527 main     VirtualBox: object deleted
